{
  "RSpec": {
    "coverage": {
      "/Users/meredith/challenges/onsite/breakable_toy/recipe_finder/app/models/user.rb": [
        1,
        null,
        null,
        1,
        null,
        1,
        null
      ],
      "/Users/meredith/challenges/onsite/breakable_toy/recipe_finder/app/helpers/application_helper.rb": [
        1,
        null
      ],
      "/Users/meredith/challenges/onsite/breakable_toy/recipe_finder/app/models/recipe.rb": [
        1,
        1,
        null,
        1,
        1,
        1,
        1,
        null,
        1,
        8,
        null,
        null
      ],
      "/Users/meredith/challenges/onsite/breakable_toy/recipe_finder/app/controllers/welcome_controller.rb": [
        1,
        null
      ],
      "/Users/meredith/challenges/onsite/breakable_toy/recipe_finder/app/controllers/application_controller.rb": [
        1,
        null,
        null,
        1,
        null,
        1,
        null,
        1,
        37,
        null,
        null,
        null,
        null,
        1,
        null
      ],
      "/Users/meredith/challenges/onsite/breakable_toy/recipe_finder/app/controllers/recipes_controller.rb": [
        1,
        1,
        30,
        30,
        2,
        28,
        2,
        26,
        2,
        2,
        null,
        24,
        null,
        null,
        null,
        1,
        15,
        null,
        null,
        1,
        2,
        null,
        null,
        1,
        2,
        2,
        2,
        2,
        1,
        1,
        null,
        1,
        1,
        null,
        null,
        null,
        1,
        3,
        null,
        null,
        1,
        1,
        1,
        1,
        1,
        null,
        0,
        null,
        null,
        null,
        1,
        1,
        1,
        1,
        1,
        null,
        null,
        1,
        null,
        1,
        3,
        null,
        null
      ],
      "/Users/meredith/challenges/onsite/breakable_toy/recipe_finder/app/controllers/users_controller.rb": [
        1,
        1,
        0,
        null,
        null,
        1,
        8,
        null,
        null
      ],
      "/Users/meredith/challenges/onsite/breakable_toy/recipe_finder/app/controllers/ingredients_controller.rb": [
        1,
        1,
        13,
        null,
        null,
        1,
        3,
        null,
        null
      ],
      "/Users/meredith/challenges/onsite/breakable_toy/recipe_finder/app/models/ingredient.rb": [
        0,
        0,
        0
      ]
    },
    "timestamp": 1461860808
  }
}
