{
  "RSpec": {
    "coverage": {
      "/Users/meredith/challenges/onsite/breakable_toy/recipe_finder/app/models/user.rb": [
        1,
        null,
        null,
        1,
        null,
        null
      ],
      "/Users/meredith/challenges/onsite/breakable_toy/recipe_finder/app/helpers/application_helper.rb": [
        1,
        null
      ],
      "/Users/meredith/challenges/onsite/breakable_toy/recipe_finder/app/models/recipe.rb": [
        1,
        null
      ],
      "/Users/meredith/challenges/onsite/breakable_toy/recipe_finder/app/controllers/recipes_controller.rb": [
        1,
        1,
        3,
        null,
        null,
        1,
        1,
        null,
        null
      ],
      "/Users/meredith/challenges/onsite/breakable_toy/recipe_finder/app/controllers/application_controller.rb": [
        1,
        null,
        null,
        1,
        null,
        1,
        null,
        1,
        0,
        null,
        null,
        null,
        null,
        1,
        null
      ],
      "/Users/meredith/challenges/onsite/breakable_toy/recipe_finder/app/controllers/users_controller.rb": [
        0,
        0,
        0,
        0,
        0
      ]
    },
    "timestamp": 1460916670
  }
}
